2022-10-24 18:45:58 [scrapy] DEBUG: Crawled (200) <GET https://www.x-rates.com/robots.txt> (referer: None)
2022-10-24 18:45:58 [scrapy] DEBUG: Crawled (200) <GET https://www.x-rates.com/calculator/?from=USD&to=INR&amount=1> (referer: None)
2022-10-24 18:45:58 [scrapy] DEBUG: Scraped from <200 https://www.x-rates.com/calculator/?from=USD&to=INR&amount=1>
{'from': 'USD', 'to': 'INR', 'timestamp': 'Oct 24, 2022 13:15 UTC', 'main': '82.82', 'trail': '2238'}
2022-10-24 18:45:58 [scrapy] INFO: Closing spider (finished)
2022-10-24 18:45:58 [scrapy] INFO: Dumping Scrapy stats:
{'downloader/request_bytes': 476,
 'downloader/request_count': 2,
 'downloader/request_method_count/GET': 2,
 'downloader/response_bytes': 6565,
 'downloader/response_count': 2,
 'downloader/response_status_count/200': 2,
 'elapsed_time_seconds': 1.349144,
 'finish_reason': 'finished',
 'finish_time': datetime.datetime(2022, 10, 24, 13, 15, 58, 604431),
 'httpcompression/response_bytes': 29008,
 'httpcompression/response_count': 2,
 'item_scraped_count': 1,
 'log_count/DEBUG': 3,
 'log_count/INFO': 7,
 'response_received_count': 2,
 'robotstxt/request_count': 1,
 'robotstxt/response_count': 1,
 'robotstxt/response_status_count/200': 1,
 'scheduler/dequeued': 1,
 'scheduler/dequeued/memory': 1,
 'scheduler/enqueued': 1,
 'scheduler/enqueued/memory': 1,
 'start_time': datetime.datetime(2022, 10, 24, 13, 15, 57, 255287)}
2022-10-24 18:45:58 [scrapy] INFO: Spider closed (finished)
